Warning[205] C:\GIT\EPM_V2.X\EPMV_V2_12_SOURCE_INVERSER\EPM_V2_12_SOURCE_INVERSE.X\EPM_V2_12_SOURC.ASM 3 : Found directive in column 1. (include)
Message[302] C:\GIT\EPM_V2.X\EPMV_V2_12_SOURCE_INVERSER\EPM_V2_12_SOURCE_INVERSE.X\EPM_V2_12_SOURC.ASM 66 : Register in operand not in bank 0.  Ensure that bank bits are correct.
Message[302] C:\GIT\EPM_V2.X\EPMV_V2_12_SOURCE_INVERSER\EPM_V2_12_SOURCE_INVERSE.X\EPM_V2_12_SOURC.ASM 71 : Register in operand not in bank 0.  Ensure that bank bits are correct.
Message[302] C:\GIT\EPM_V2.X\EPMV_V2_12_SOURCE_INVERSER\EPM_V2_12_SOURCE_INVERSE.X\EPM_V2_12_SOURC.ASM 84 : Register in operand not in bank 0.  Ensure that bank bits are correct.
Message[302] C:\GIT\EPM_V2.X\EPMV_V2_12_SOURCE_INVERSER\EPM_V2_12_SOURCE_INVERSE.X\EPM_V2_12_SOURC.ASM 85 : Register in operand not in bank 0.  Ensure that bank bits are correct.
Message[302] C:\GIT\EPM_V2.X\EPMV_V2_12_SOURCE_INVERSER\EPM_V2_12_SOURCE_INVERSE.X\EPM_V2_12_SOURC.ASM 86 : Register in operand not in bank 0.  Ensure that bank bits are correct.
Message[302] C:\GIT\EPM_V2.X\EPMV_V2_12_SOURCE_INVERSER\EPM_V2_12_SOURCE_INVERSE.X\EPM_V2_12_SOURC.ASM 87 : Register in operand not in bank 0.  Ensure that bank bits are correct.
Message[302] C:\GIT\EPM_V2.X\EPMV_V2_12_SOURCE_INVERSER\EPM_V2_12_SOURCE_INVERSE.X\EPM_V2_12_SOURC.ASM 88 : Register in operand not in bank 0.  Ensure that bank bits are correct.
Message[302] C:\GIT\EPM_V2.X\EPMV_V2_12_SOURCE_INVERSER\EPM_V2_12_SOURCE_INVERSE.X\EPM_V2_12_SOURC.ASM 89 : Register in operand not in bank 0.  Ensure that bank bits are correct.
Message[302] C:\GIT\EPM_V2.X\EPMV_V2_12_SOURCE_INVERSER\EPM_V2_12_SOURCE_INVERSE.X\EPM_V2_12_SOURC.ASM 90 : Register in operand not in bank 0.  Ensure that bank bits are correct.
Message[302] C:\GIT\EPM_V2.X\EPMV_V2_12_SOURCE_INVERSER\EPM_V2_12_SOURCE_INVERSE.X\EPM_V2_12_SOURC.ASM 91 : Register in operand not in bank 0.  Ensure that bank bits are correct.
Message[302] C:\GIT\EPM_V2.X\EPMV_V2_12_SOURCE_INVERSER\EPM_V2_12_SOURCE_INVERSE.X\EPM_V2_12_SOURC.ASM 94 : Register in operand not in bank 0.  Ensure that bank bits are correct.
Message[302] C:\GIT\EPM_V2.X\EPMV_V2_12_SOURCE_INVERSER\EPM_V2_12_SOURCE_INVERSE.X\EPM_V2_12_SOURC.ASM 98 : Register in operand not in bank 0.  Ensure that bank bits are correct.
Message[302] C:\GIT\EPM_V2.X\EPMV_V2_12_SOURCE_INVERSER\EPM_V2_12_SOURCE_INVERSE.X\EPM_V2_12_SOURC.ASM 99 : Register in operand not in bank 0.  Ensure that bank bits are correct.
Message[302] C:\GIT\EPM_V2.X\EPMV_V2_12_SOURCE_INVERSER\EPM_V2_12_SOURCE_INVERSE.X\EPM_V2_12_SOURC.ASM 100 : Register in operand not in bank 0.  Ensure that bank bits are correct.
Message[302] C:\GIT\EPM_V2.X\EPMV_V2_12_SOURCE_INVERSER\EPM_V2_12_SOURCE_INVERSE.X\EPM_V2_12_SOURC.ASM 101 : Register in operand not in bank 0.  Ensure that bank bits are correct.
Message[302] C:\GIT\EPM_V2.X\EPMV_V2_12_SOURCE_INVERSER\EPM_V2_12_SOURCE_INVERSE.X\EPM_V2_12_SOURC.ASM 102 : Register in operand not in bank 0.  Ensure that bank bits are correct.
Message[302] C:\GIT\EPM_V2.X\EPMV_V2_12_SOURCE_INVERSER\EPM_V2_12_SOURCE_INVERSE.X\EPM_V2_12_SOURC.ASM 103 : Register in operand not in bank 0.  Ensure that bank bits are correct.
Message[302] C:\GIT\EPM_V2.X\EPMV_V2_12_SOURCE_INVERSER\EPM_V2_12_SOURCE_INVERSE.X\EPM_V2_12_SOURC.ASM 116 : Register in operand not in bank 0.  Ensure that bank bits are correct.
Message[302] C:\GIT\EPM_V2.X\EPMV_V2_12_SOURCE_INVERSER\EPM_V2_12_SOURCE_INVERSE.X\EPM_V2_12_SOURC.ASM 117 : Register in operand not in bank 0.  Ensure that bank bits are correct.
Message[302] C:\GIT\EPM_V2.X\EPMV_V2_12_SOURCE_INVERSER\EPM_V2_12_SOURCE_INVERSE.X\EPM_V2_12_SOURC.ASM 118 : Register in operand not in bank 0.  Ensure that bank bits are correct.
Message[302] C:\GIT\EPM_V2.X\EPMV_V2_12_SOURCE_INVERSER\EPM_V2_12_SOURCE_INVERSE.X\EPM_V2_12_SOURC.ASM 119 : Register in operand not in bank 0.  Ensure that bank bits are correct.
Message[302] C:\GIT\EPM_V2.X\EPMV_V2_12_SOURCE_INVERSER\EPM_V2_12_SOURCE_INVERSE.X\EPM_V2_12_SOURC.ASM 120 : Register in operand not in bank 0.  Ensure that bank bits are correct.
Message[302] C:\GIT\EPM_V2.X\EPMV_V2_12_SOURCE_INVERSER\EPM_V2_12_SOURCE_INVERSE.X\EPM_V2_12_SOURC.ASM 121 : Register in operand not in bank 0.  Ensure that bank bits are correct.
Warning[203] C:\GIT\EPM_V2.X\EPMV_V2_12_SOURCE_INVERSER\EPM_V2_12_SOURCE_INVERSE.X\EPM_V2_12_SOURC.ASM 192 : Found opcode in column 1. (CLRWDT)
Warning[203] C:\GIT\EPM_V2.X\EPMV_V2_12_SOURCE_INVERSER\EPM_V2_12_SOURCE_INVERSE.X\EPM_V2_12_SOURC.ASM 194 : Found opcode in column 1. (goto)
Message[305] C:\GIT\EPM_V2.X\EPMV_V2_12_SOURCE_INVERSER\EPM_V2_12_SOURCE_INVERSE.X\EPM_V2_12_SOURC.ASM 321 : Using default destination of 1 (file).
Message[305] C:\GIT\EPM_V2.X\EPMV_V2_12_SOURCE_INVERSER\EPM_V2_12_SOURCE_INVERSE.X\EPM_V2_12_SOURC.ASM 330 : Using default destination of 1 (file).
Warning[207] C:\GIT\EPM_V2.X\EPMV_V2_12_SOURCE_INVERSER\EPM_V2_12_SOURCE_INVERSE.X\EPM_V2_12_SOURC.ASM 561 : Found label after column 1. (Return_From_Interrupt)
Warning[205] C:\GIT\EPM_V2.X\EPMV_V2_12_SOURCE_INVERSER\EPM_V2_12_SOURCE_INVERSE.X\EPM_V2_12_SOURC.ASM 591 : Found directive in column 1. (Banksel)
Warning[203] C:\GIT\EPM_V2.X\EPMV_V2_12_SOURCE_INVERSER\EPM_V2_12_SOURCE_INVERSE.X\EPM_V2_12_SOURC.ASM 592 : Found opcode in column 1. (BCF)
Message[302] C:\GIT\EPM_V2.X\EPMV_V2_12_SOURCE_INVERSER\EPM_V2_12_SOURCE_INVERSE.X\EPM_V2_12_SOURC.ASM 592 : Register in operand not in bank 0.  Ensure that bank bits are correct.
Warning[205] C:\GIT\EPM_V2.X\EPMV_V2_12_SOURCE_INVERSER\EPM_V2_12_SOURCE_INVERSE.X\EPM_V2_12_SOURC.ASM 594 : Found directive in column 1. (Banksel)
Warning[203] C:\GIT\EPM_V2.X\EPMV_V2_12_SOURCE_INVERSER\EPM_V2_12_SOURCE_INVERSE.X\EPM_V2_12_SOURC.ASM 595 : Found opcode in column 1. (bsf)
Warning[203] C:\GIT\EPM_V2.X\EPMV_V2_12_SOURCE_INVERSER\EPM_V2_12_SOURCE_INVERSE.X\EPM_V2_12_SOURC.ASM 596 : Found opcode in column 1. (movlw)
Warning[203] C:\GIT\EPM_V2.X\EPMV_V2_12_SOURCE_INVERSER\EPM_V2_12_SOURCE_INVERSE.X\EPM_V2_12_SOURC.ASM 597 : Found opcode in column 1. (call)
Warning[205] C:\GIT\EPM_V2.X\EPMV_V2_12_SOURCE_INVERSER\EPM_V2_12_SOURCE_INVERSE.X\EPM_V2_12_SOURC.ASM 599 : Found directive in column 1. (Banksel)
Warning[203] C:\GIT\EPM_V2.X\EPMV_V2_12_SOURCE_INVERSER\EPM_V2_12_SOURCE_INVERSE.X\EPM_V2_12_SOURC.ASM 600 : Found opcode in column 1. (bcf)
Warning[205] C:\GIT\EPM_V2.X\EPMV_V2_12_SOURCE_INVERSER\EPM_V2_12_SOURCE_INVERSE.X\EPM_V2_12_SOURC.ASM 601 : Found directive in column 1. (Banksel)
Warning[203] C:\GIT\EPM_V2.X\EPMV_V2_12_SOURCE_INVERSER\EPM_V2_12_SOURCE_INVERSE.X\EPM_V2_12_SOURC.ASM 602 : Found opcode in column 1. (BSF)
Message[302] C:\GIT\EPM_V2.X\EPMV_V2_12_SOURCE_INVERSER\EPM_V2_12_SOURCE_INVERSE.X\EPM_V2_12_SOURC.ASM 602 : Register in operand not in bank 0.  Ensure that bank bits are correct.
Warning[203] C:\GIT\EPM_V2.X\EPMV_V2_12_SOURCE_INVERSER\EPM_V2_12_SOURCE_INVERSE.X\EPM_V2_12_SOURC.ASM 603 : Found opcode in column 1. (movlw)
Warning[203] C:\GIT\EPM_V2.X\EPMV_V2_12_SOURCE_INVERSER\EPM_V2_12_SOURCE_INVERSE.X\EPM_V2_12_SOURC.ASM 604 : Found opcode in column 1. (call)
Warning[203] C:\GIT\EPM_V2.X\EPMV_V2_12_SOURCE_INVERSER\EPM_V2_12_SOURCE_INVERSE.X\EPM_V2_12_SOURC.ASM 605 : Found opcode in column 1. (return)
