Warning[205] C:\GIT\EPM_V2.X\EPMV_V2_12_SOURCE_INVERSER\EPM_V2_1_2.ASM 1 : Found directive in column 1. (include)
Message[302] C:\GIT\EPM_V2.X\EPMV_V2_12_SOURCE_INVERSER\EPM_V2_1_2.ASM 64 : Register in operand not in bank 0.  Ensure that bank bits are correct.
Message[302] C:\GIT\EPM_V2.X\EPMV_V2_12_SOURCE_INVERSER\EPM_V2_1_2.ASM 69 : Register in operand not in bank 0.  Ensure that bank bits are correct.
Message[302] C:\GIT\EPM_V2.X\EPMV_V2_12_SOURCE_INVERSER\EPM_V2_1_2.ASM 82 : Register in operand not in bank 0.  Ensure that bank bits are correct.
Message[302] C:\GIT\EPM_V2.X\EPMV_V2_12_SOURCE_INVERSER\EPM_V2_1_2.ASM 83 : Register in operand not in bank 0.  Ensure that bank bits are correct.
Message[302] C:\GIT\EPM_V2.X\EPMV_V2_12_SOURCE_INVERSER\EPM_V2_1_2.ASM 84 : Register in operand not in bank 0.  Ensure that bank bits are correct.
Message[302] C:\GIT\EPM_V2.X\EPMV_V2_12_SOURCE_INVERSER\EPM_V2_1_2.ASM 85 : Register in operand not in bank 0.  Ensure that bank bits are correct.
Message[302] C:\GIT\EPM_V2.X\EPMV_V2_12_SOURCE_INVERSER\EPM_V2_1_2.ASM 86 : Register in operand not in bank 0.  Ensure that bank bits are correct.
Message[302] C:\GIT\EPM_V2.X\EPMV_V2_12_SOURCE_INVERSER\EPM_V2_1_2.ASM 87 : Register in operand not in bank 0.  Ensure that bank bits are correct.
Message[302] C:\GIT\EPM_V2.X\EPMV_V2_12_SOURCE_INVERSER\EPM_V2_1_2.ASM 88 : Register in operand not in bank 0.  Ensure that bank bits are correct.
Message[302] C:\GIT\EPM_V2.X\EPMV_V2_12_SOURCE_INVERSER\EPM_V2_1_2.ASM 89 : Register in operand not in bank 0.  Ensure that bank bits are correct.
Message[302] C:\GIT\EPM_V2.X\EPMV_V2_12_SOURCE_INVERSER\EPM_V2_1_2.ASM 92 : Register in operand not in bank 0.  Ensure that bank bits are correct.
Message[302] C:\GIT\EPM_V2.X\EPMV_V2_12_SOURCE_INVERSER\EPM_V2_1_2.ASM 96 : Register in operand not in bank 0.  Ensure that bank bits are correct.
Message[302] C:\GIT\EPM_V2.X\EPMV_V2_12_SOURCE_INVERSER\EPM_V2_1_2.ASM 97 : Register in operand not in bank 0.  Ensure that bank bits are correct.
Message[302] C:\GIT\EPM_V2.X\EPMV_V2_12_SOURCE_INVERSER\EPM_V2_1_2.ASM 98 : Register in operand not in bank 0.  Ensure that bank bits are correct.
Message[302] C:\GIT\EPM_V2.X\EPMV_V2_12_SOURCE_INVERSER\EPM_V2_1_2.ASM 99 : Register in operand not in bank 0.  Ensure that bank bits are correct.
Message[302] C:\GIT\EPM_V2.X\EPMV_V2_12_SOURCE_INVERSER\EPM_V2_1_2.ASM 100 : Register in operand not in bank 0.  Ensure that bank bits are correct.
Message[302] C:\GIT\EPM_V2.X\EPMV_V2_12_SOURCE_INVERSER\EPM_V2_1_2.ASM 101 : Register in operand not in bank 0.  Ensure that bank bits are correct.
Message[302] C:\GIT\EPM_V2.X\EPMV_V2_12_SOURCE_INVERSER\EPM_V2_1_2.ASM 114 : Register in operand not in bank 0.  Ensure that bank bits are correct.
Message[302] C:\GIT\EPM_V2.X\EPMV_V2_12_SOURCE_INVERSER\EPM_V2_1_2.ASM 115 : Register in operand not in bank 0.  Ensure that bank bits are correct.
Message[302] C:\GIT\EPM_V2.X\EPMV_V2_12_SOURCE_INVERSER\EPM_V2_1_2.ASM 116 : Register in operand not in bank 0.  Ensure that bank bits are correct.
Message[302] C:\GIT\EPM_V2.X\EPMV_V2_12_SOURCE_INVERSER\EPM_V2_1_2.ASM 117 : Register in operand not in bank 0.  Ensure that bank bits are correct.
Message[302] C:\GIT\EPM_V2.X\EPMV_V2_12_SOURCE_INVERSER\EPM_V2_1_2.ASM 118 : Register in operand not in bank 0.  Ensure that bank bits are correct.
Message[302] C:\GIT\EPM_V2.X\EPMV_V2_12_SOURCE_INVERSER\EPM_V2_1_2.ASM 119 : Register in operand not in bank 0.  Ensure that bank bits are correct.
Warning[203] C:\GIT\EPM_V2.X\EPMV_V2_12_SOURCE_INVERSER\EPM_V2_1_2.ASM 190 : Found opcode in column 1. (CLRWDT)
Warning[203] C:\GIT\EPM_V2.X\EPMV_V2_12_SOURCE_INVERSER\EPM_V2_1_2.ASM 192 : Found opcode in column 1. (goto)
Message[305] C:\GIT\EPM_V2.X\EPMV_V2_12_SOURCE_INVERSER\EPM_V2_1_2.ASM 319 : Using default destination of 1 (file).
Message[305] C:\GIT\EPM_V2.X\EPMV_V2_12_SOURCE_INVERSER\EPM_V2_1_2.ASM 328 : Using default destination of 1 (file).
Warning[207] C:\GIT\EPM_V2.X\EPMV_V2_12_SOURCE_INVERSER\EPM_V2_1_2.ASM 796 : Found label after column 1. (Return_From_Interrupt)
Warning[205] C:\GIT\EPM_V2.X\EPMV_V2_12_SOURCE_INVERSER\EPM_V2_1_2.ASM 826 : Found directive in column 1. (Banksel)
Warning[203] C:\GIT\EPM_V2.X\EPMV_V2_12_SOURCE_INVERSER\EPM_V2_1_2.ASM 827 : Found opcode in column 1. (BCF)
Message[302] C:\GIT\EPM_V2.X\EPMV_V2_12_SOURCE_INVERSER\EPM_V2_1_2.ASM 827 : Register in operand not in bank 0.  Ensure that bank bits are correct.
Warning[205] C:\GIT\EPM_V2.X\EPMV_V2_12_SOURCE_INVERSER\EPM_V2_1_2.ASM 829 : Found directive in column 1. (Banksel)
Warning[203] C:\GIT\EPM_V2.X\EPMV_V2_12_SOURCE_INVERSER\EPM_V2_1_2.ASM 830 : Found opcode in column 1. (bsf)
Warning[203] C:\GIT\EPM_V2.X\EPMV_V2_12_SOURCE_INVERSER\EPM_V2_1_2.ASM 831 : Found opcode in column 1. (movlw)
Warning[203] C:\GIT\EPM_V2.X\EPMV_V2_12_SOURCE_INVERSER\EPM_V2_1_2.ASM 832 : Found opcode in column 1. (call)
Warning[205] C:\GIT\EPM_V2.X\EPMV_V2_12_SOURCE_INVERSER\EPM_V2_1_2.ASM 834 : Found directive in column 1. (Banksel)
Warning[203] C:\GIT\EPM_V2.X\EPMV_V2_12_SOURCE_INVERSER\EPM_V2_1_2.ASM 835 : Found opcode in column 1. (bcf)
Warning[205] C:\GIT\EPM_V2.X\EPMV_V2_12_SOURCE_INVERSER\EPM_V2_1_2.ASM 836 : Found directive in column 1. (Banksel)
Warning[203] C:\GIT\EPM_V2.X\EPMV_V2_12_SOURCE_INVERSER\EPM_V2_1_2.ASM 837 : Found opcode in column 1. (BSF)
Message[302] C:\GIT\EPM_V2.X\EPMV_V2_12_SOURCE_INVERSER\EPM_V2_1_2.ASM 837 : Register in operand not in bank 0.  Ensure that bank bits are correct.
Warning[203] C:\GIT\EPM_V2.X\EPMV_V2_12_SOURCE_INVERSER\EPM_V2_1_2.ASM 838 : Found opcode in column 1. (movlw)
Warning[203] C:\GIT\EPM_V2.X\EPMV_V2_12_SOURCE_INVERSER\EPM_V2_1_2.ASM 839 : Found opcode in column 1. (call)
Warning[203] C:\GIT\EPM_V2.X\EPMV_V2_12_SOURCE_INVERSER\EPM_V2_1_2.ASM 840 : Found opcode in column 1. (return)
